<?xml version="1.0" encoding="UTF-8"?>
<!-- Generated by org.testng.reporters.JUnitReportReporter -->
<testsuite skipped="0" hostname="Admin-PC" name="com.qa.tests.DemoTest" tests="2" failures="0" timestamp="2021-06-13T16:22:12 IST" time="0.023" errors="0">
  <testcase name="sub" time="0.021" classname="com.qa.tests.DemoTest"/>
  <system-out/>
  <testcase name="sum" time="0.002" classname="com.qa.tests.DemoTest"/>
  <system-out/>
</testsuite> <!-- com.qa.tests.DemoTest -->
