<?xml version="1.0" encoding="UTF-8"?>
<!-- Generated by org.testng.reporters.JUnitReportReporter -->
<testsuite skipped="0" hostname="Admin-PC" name="com.qa.tests.DemoTest1" tests="2" failures="0" timestamp="2021-06-13T23:25:25 IST" time="0.000" errors="0">
  <testcase name="div" time="0.000" classname="com.qa.tests.DemoTest1"/>
  <system-out/>
  <testcase name="mul" time="0.000" classname="com.qa.tests.DemoTest1"/>
  <system-out/>
</testsuite> <!-- com.qa.tests.DemoTest1 -->
